[0m23:34:35.089922 [debug] [MainThread]: Sending event: {'category': 'dbt', 'action': 'invocation', 'label': 'start', 'context': [<snowplow_tracker.self_describing_json.SelfDescribingJson object at 0x00000181CA9CA9C0>, <snowplow_tracker.self_describing_json.SelfDescribingJson object at 0x00000181CA715700>, <snowplow_tracker.self_describing_json.SelfDescribingJson object at 0x00000181C9C2FE90>]}


============================== 23:34:35.102303 | 19c3fd73-8292-4130-aec7-2fc4c615cafa ==============================
[0m23:34:35.102303 [info ] [MainThread]: Running with dbt=1.11.7
[0m23:34:35.102303 [debug] [MainThread]: running dbt with arguments {'static_parser': 'True', 'no_print': 'None', 'version_check': 'True', 'warn_error_options': 'WarnErrorOptionsV2(error=[], warn=[], silence=[])', 'target_path': 'None', 'printer_width': '80', 'write_json': 'True', 'empty': 'None', 'log_cache_events': 'False', 'introspect': 'True', 'cache_selected_only': 'False', 'fail_fast': 'False', 'debug': 'False', 'log_format': 'default', 'partial_parse': 'True', 'send_anonymous_usage_stats': 'True', 'quiet': 'False', 'warn_error': 'None', 'profiles_dir': 'C:\\Users\\guigc\\.dbt', 'use_colors': 'True', 'indirect_selection': 'eager', 'invocation_command': 'dbt init invest_analytics', 'use_experimental_parser': 'False', 'log_path': 'logs'}
[0m23:34:35.112876 [info ] [MainThread]: Creating dbt configuration folder at C:\Users\guigc\.dbt
[0m23:34:35.115268 [debug] [MainThread]: Starter project path: C:\projeto_wealth_tech\.env\Lib\site-packages\dbt\include\starter_project
[0m23:34:35.123347 [info ] [MainThread]: 
Your new dbt project "invest_analytics" was created!

For more information on how to configure the profiles.yml file,
please consult the dbt documentation here:

  https://docs.getdbt.com/docs/configure-your-profile

One more thing:

Need help? Don't hesitate to reach out to us via GitHub issues or on Slack:

  https://community.getdbt.com/

Happy modeling!

[0m23:34:35.124410 [info ] [MainThread]: Setting up your profile.
[0m23:37:17.316568 [info ] [MainThread]: Profile invest_analytics written to C:\Users\guigc\.dbt\profiles.yml using target's profile_template.yml and your supplied values. Run 'dbt debug' to validate the connection.
[0m23:37:17.316568 [debug] [MainThread]: Command `dbt init` succeeded at 23:37:17.316568 after 162.37 seconds
[0m23:37:17.318608 [debug] [MainThread]: Sending event: {'category': 'dbt', 'action': 'invocation', 'label': 'end', 'context': [<snowplow_tracker.self_describing_json.SelfDescribingJson object at 0x00000181CAC97F80>, <snowplow_tracker.self_describing_json.SelfDescribingJson object at 0x00000181EF5611C0>, <snowplow_tracker.self_describing_json.SelfDescribingJson object at 0x00000181EEEE43B0>]}
[0m23:37:17.318608 [debug] [MainThread]: Flushing usage events
[0m23:37:18.170082 [debug] [MainThread]: An error was encountered while trying to flush usage events
